\BOOKMARK [1][-]{section.1}{\376\377\000A\000s\000y\000m\000p\000t\000o\000t\000i\000c\000\040\000n\000o\000t\000a\000t\000i\000o\000n}{}% 1
\BOOKMARK [2][-]{subsection.1.1}{\376\377\000D\000e\000f\000i\000n\000i\000t\000i\000o\000n\000s}{section.1}% 2
\BOOKMARK [3][-]{subsubsection.1.1.1}{\376\377\000B\000i\000g\000-\000O}{subsection.1.1}% 3
\BOOKMARK [3][-]{subsubsection.1.1.2}{\376\377\000B\000i\000g\000-}{subsection.1.1}% 4
\BOOKMARK [3][-]{subsubsection.1.1.3}{\376\377\000B\000i\000g\000-}{subsection.1.1}% 5
\BOOKMARK [3][-]{subsubsection.1.1.4}{\376\377\000L\000i\000t\000t\000l\000e\000-\000o}{subsection.1.1}% 6
\BOOKMARK [3][-]{subsubsection.1.1.5}{\376\377\000L\000i\000t\000t\000l\000e\000-}{subsection.1.1}% 7
\BOOKMARK [2][-]{subsection.1.2}{\376\377\000P\000r\000o\000o\000f\000s\000\040\000s\000t\000r\000a\000t\000e\000g\000i\000e\000s}{section.1}% 8
\BOOKMARK [3][-]{subsubsection.1.2.1}{\376\377\000P\000r\000o\000v\000i\000n\000g\000\040\000f\000r\000o\000m\000\040\000d\000e\000f\000i\000n\000i\000t\000i\000o\000n}{subsection.1.2}% 9
\BOOKMARK [3][-]{subsubsection.1.2.2}{\376\377\000P\000r\000o\000v\000i\000n\000g\000\040\000u\000s\000i\000n\000g\000\040\000l\000i\000m\000i\000t\000\040\000p\000r\000o\000p\000e\000r\000t\000i\000e\000s}{subsection.1.2}% 10
\BOOKMARK [3][-]{subsubsection.1.2.3}{\376\377\000H\000e\000l\000p\000f\000u\000l\000\040\000p\000r\000o\000p\000e\000r\000t\000i\000e\000s\000:}{subsection.1.2}% 11
\BOOKMARK [3][-]{subsubsection.1.2.4}{\376\377\000R\000e\000c\000u\000r\000r\000e\000n\000c\000e\000s\000\040\000\050\000s\000u\000b\000s\000t\000i\000t\000u\000t\000i\000o\000n\000,\000\040\000r\000e\000c\000u\000r\000r\000e\000n\000c\000e\000\040\000t\000r\000e\000e\000s\000,\000\040\000m\000a\000s\000t\000e\000r\000\040\000t\000h\000e\000o\000r\000e\000m\000\051}{subsection.1.2}% 12
\BOOKMARK [2][-]{subsection.1.3}{\376\377\000M\000a\000s\000t\000e\000r\000\040\000m\000e\000t\000h\000o\000d}{section.1}% 13
\BOOKMARK [2][-]{subsection.1.4}{\376\377\000R\000e\000c\000u\000r\000r\000e\000n\000c\000e\000\040\000t\000r\000e\000e\000s}{section.1}% 14
\BOOKMARK [3][-]{subsubsection.1.4.1}{\376\377\000M\000o\000d\000e\000l\000s\000\040\000o\000f\000\040\000c\000o\000m\000p\000u\000t\000a\000t\000i\000o\000n\000\040\000\050\000c\000o\000m\000p\000a\000r\000i\000s\000o\000n\000\040\000m\000o\000d\000e\000l\000,\000\040\000r\000a\000n\000d\000o\000m\000\040\000a\000c\000c\000e\000s\000s\000\040\000m\000o\000d\000e\000l\000\051}{subsection.1.4}% 15
\BOOKMARK [2][-]{subsection.1.5}{\376\377\000S\000o\000l\000v\000i\000n\000g\000\040\000p\000r\000o\000b\000l\000e\000m\000s\000\040\000b\000y\000\040\000r\000e\000d\000u\000c\000i\000n\000g\000\040\000t\000o\000\040\000s\000e\000a\000r\000c\000h\000i\000n\000g\000\040\000\050\000c\000h\000o\000o\000s\000e\000\040\000+\000\040\000a\000p\000p\000l\000y\000\040\000a\000\040\000d\000a\000t\000a\000\040\000s\000t\000r\000u\000c\000t\000u\000r\000e\000\051\000\040}{section.1}% 16
\BOOKMARK [1][-]{section.2}{\376\377\000I\000n\000t\000e\000r\000f\000a\000c\000e\000s\000\040\000\046\000\040\000i\000m\000p\000l\000e\000m\000e\000n\000t\000a\000t\000i\000o\000n\000s}{}% 17
\BOOKMARK [2][-]{subsubsection.2.0.1}{\376\377\000P\000r\000i\000o\000r\000i\000t\000y\000\040\000q\000u\000e\000u\000e\000\040\000i\000n\000t\000e\000r\000f\000a\000c\000e}{section.2}% 18
\BOOKMARK [2][-]{subsection.2.1}{\376\377\000S\000o\000l\000v\000i\000n\000g\000\040\000p\000r\000o\000b\000l\000e\000m\000s\000\040\000b\000y\000\040\000r\000e\000d\000u\000c\000i\000n\000g\000\040\000t\000o\000\040\000s\000o\000r\000t\000i\000n\000g\000\040\000\050\000c\000h\000o\000o\000s\000e\000\040\000+\000\040\000a\000p\000p\000l\000y\000\040\000a\000\040\000s\000o\000r\000t\000i\000n\000g\000\040\000a\000l\000g\000o\000r\000i\000t\000h\000m\000\051}{section.2}% 19
\BOOKMARK [2][-]{subsection.2.2}{\376\377\000S\000o\000l\000v\000i\000n\000g\000\040\000p\000r\000o\000b\000l\000e\000m\000s\000\040\000b\000y\000\040\000d\000e\000s\000i\000g\000n\000i\000n\000g\000\040\000a\000\040\000n\000e\000w\000\040\000a\000l\000g\000o\000r\000i\000t\000h\000m}{section.2}% 20
\BOOKMARK [1][-]{section.3}{\376\377\000I\000n\000t\000r\000o\000d\000u\000c\000t\000i\000o\000n}{}% 21
\BOOKMARK [2][-]{subsection.3.1}{\376\377\000V\000o\000c\000a\000b\000u\000l\000a\000r\000y}{section.3}% 22
\BOOKMARK [1][-]{section.4}{\376\377\000D\000a\000t\000a\000\040\000S\000t\000r\000u\000c\000t\000u\000r\000e\000s}{}% 23
\BOOKMARK [2][-]{subsection.4.1}{\376\377\000S\000e\000q\000u\000e\000n\000c\000e\000s}{section.4}% 24
\BOOKMARK [3][-]{subsubsection.4.1.1}{\376\377\000S\000t\000a\000t\000i\000c\000\040\000O\000p\000e\000r\000a\000t\000i\000o\000n\000s}{subsection.4.1}% 25
\BOOKMARK [3][-]{subsubsection.4.1.2}{\376\377\000D\000y\000n\000a\000m\000i\000c\000\040\000O\000p\000e\000r\000a\000t\000i\000o\000n\000s}{subsection.4.1}% 26
\BOOKMARK [2][-]{subsection.4.2}{\376\377\000S\000e\000t\000s}{section.4}% 27
\BOOKMARK [3][-]{subsubsection.4.2.1}{\376\377\000S\000t\000a\000t\000i\000c\000\040\000O\000p\000e\000r\000a\000t\000i\000o\000n\000s}{subsection.4.2}% 28
\BOOKMARK [3][-]{subsubsection.4.2.2}{\376\377\000D\000y\000n\000a\000m\000i\000c\000\040\000O\000p\000e\000r\000a\000t\000i\000o\000n\000s}{subsection.4.2}% 29
\BOOKMARK [3][-]{subsubsection.4.2.3}{\376\377\000R\000u\000n\000n\000i\000n\000g\000\040\000t\000i\000m\000e\000s}{subsection.4.2}% 30
\BOOKMARK [2][-]{subsection.4.3}{\376\377\000D\000i\000r\000e\000c\000t\000\040\000a\000c\000c\000e\000s\000s\000\040\000t\000a\000b\000l\000e}{section.4}% 31
\BOOKMARK [3][-]{subsubsection.4.3.1}{\376\377\000E\000x\000a\000m\000p\000l\000e}{subsection.4.3}% 32
\BOOKMARK [2][-]{subsection.4.4}{\376\377\000H\000a\000s\000h\000\040\000t\000a\000b\000l\000e\000s}{section.4}% 33
\BOOKMARK [3][-]{subsubsection.4.4.1}{\376\377\000R\000u\000n\000n\000i\000n\000g\000\040\000t\000i\000m\000e\000\040}{subsection.4.4}% 34
\BOOKMARK [3][-]{subsubsection.4.4.2}{\376\377\000E\000x\000a\000m\000p\000l\000e}{subsection.4.4}% 35
\BOOKMARK [3][-]{subsubsection.4.4.3}{\376\377\000B\000e\000t\000t\000e\000r\000\040\000e\000x\000a\000m\000p\000l\000e\000:\000\040\000u\000n\000i\000v\000e\000r\000s\000a\000l\000\040\000f\000a\000m\000i\000l\000y\000\040\000o\000f\000\040\000h\000a\000s\000h\000\040\000f\000u\000n\000c\000t\000i\000o\000n\000s}{subsection.4.4}% 36
\BOOKMARK [2][-]{subsection.4.5}{\376\377\000B\000i\000n\000a\000r\000y\000\040\000T\000r\000e\000e\000s}{section.4}% 37
\BOOKMARK [1][-]{section.5}{\376\377\000R\000u\000n\000n\000i\000n\000g\000\040\000T\000i\000m\000e}{}% 38
\BOOKMARK [2][-]{subsection.5.1}{\376\377\000r\000e\000d\000\040\000b\000l\000a\000c\000k}{section.5}% 39
\BOOKMARK [1][-]{section.6}{\376\377\000C\000o\000r\000r\000e\000c\000t\000n\000e\000s\000s\000\040\000p\000r\000o\000o\000f}{}% 40
\BOOKMARK [2][-]{subsection.6.1}{\376\377\000L\000o\000o\000p\000\040\000i\000n\000v\000a\000r\000i\000a\000n\000t\000\040\000m\000e\000t\000h\000o\000d}{section.6}% 41
\BOOKMARK [1][-]{section.7}{\376\377\000R\000e\000c\000u\000r\000s\000i\000o\000n}{}% 42
\BOOKMARK [1][-]{section.8}{\376\377\000L\000i\000m\000i\000t\000s}{}% 43
\BOOKMARK [2][-]{subsection.8.1}{\376\377\000L\000i\000m\000i\000t\000\040\000L\000a\000w\000s}{section.8}% 44
\BOOKMARK [1][-]{section.9}{\376\377\000S\000o\000r\000t\000i\000n\000g}{}% 45
\BOOKMARK [2][-]{subsection.9.1}{\376\377\000P\000e\000r\000m\000u\000t\000a\000t\000i\000o\000n\000\040\000S\000o\000r\000t}{section.9}% 46
\BOOKMARK [2][-]{subsection.9.2}{\376\377\000S\000e\000l\000e\000c\000t\000i\000o\000n\000\040\000S\000o\000r\000t}{section.9}% 47
\BOOKMARK [2][-]{subsection.9.3}{\376\377\000M\000e\000r\000g\000e\000\040\000S\000o\000r\000t}{section.9}% 48
\BOOKMARK [1][-]{section.10}{\376\377\000B\000i\000n\000a\000r\000y\000\040\000S\000e\000a\000r\000c\000h\000\040\000T\000r\000e\000e\000s}{}% 49
\BOOKMARK [2][-]{subsection.10.1}{\376\377\000n\000o\000n\000-\000m\000o\000d\000i\000f\000y\000i\000n\000g\000\040\000o\000p\000e\000r\000a\000t\000i\000o\000n\000s}{section.10}% 50
\BOOKMARK [2][-]{subsection.10.2}{\376\377\000m\000o\000d\000i\000f\000y\000i\000n\000g\000\040\000p\000r\000o\000p\000e\000r\000t\000i\000e\000s}{section.10}% 51
\BOOKMARK [1][-]{section.11}{\376\377\000p\000r\000i\000o\000r\000i\000t\000y\000\040\000q\000u\000e\000u\000e\000s\000\040\000a\000n\000d\000\040\000h\000e\000a\000p\000s}{}% 52
\BOOKMARK [2][-]{subsection.11.1}{\376\377\000P\000r\000i\000o\000r\000i\000t\000y\000\040\000Q\000u\000e\000u\000e\000\040\000I\000n\000t\000e\000r\000f\000a\000c\000e}{section.11}% 53
\BOOKMARK [2][-]{subsection.11.2}{\376\377\000p\000r\000i\000o\000r\000i\000t\000y\000\040\000q\000u\000e\000u\000e\000\040\000s\000o\000r\000t}{section.11}% 54
\BOOKMARK [2][-]{subsection.11.3}{\376\377\000b\000i\000n\000a\000r\000y\000\040\000h\000e\000a\000p\000s}{section.11}% 55
\BOOKMARK [3][-]{subsubsection.11.3.1}{\376\377\000i\000n\000f\000e\000r\000\040\000t\000r\000e\000e\000\040\000f\000r\000o\000m\000\040\000a\000r\000a\000y}{subsection.11.3}% 56
\BOOKMARK [1][-]{section.12}{\376\377\000C\000h\000e\000a\000t\000\040\000S\000h\000e\000e\000t\000s}{}% 57
\BOOKMARK [2][-]{subsection.12.1}{\376\377\000R\000u\000n\000n\000i\000n\000g\000\040\000T\000i\000m\000e\000s\000\040\000f\000o\000r\000\040\000D\000S}{section.12}% 58
\BOOKMARK [2][-]{subsection.12.2}{\376\377\000o\000r\000d\000e\000r\000s}{section.12}% 59
\BOOKMARK [1][-]{section.13}{\376\377\000s\000e\000r\000v\000e\000r\000s}{}% 60
\BOOKMARK [1][-]{section.14}{\376\377\000G\000r\000a\000p\000h\000\040\000a\000l\000g\000o\000r\000i\000t\000h\000m\000s}{}% 61
\BOOKMARK [2][-]{subsection.14.1}{\376\377\000D\000e\000f\000i\000n\000i\000t\000i\000o\000n}{section.14}% 62
\BOOKMARK [2][-]{subsection.14.2}{\376\377\000R\000e\000p\000r\000e\000s\000e\000n\000t\000i\000n\000g\000\040\000g\000r\000a\000p\000h\000s}{section.14}% 63
\BOOKMARK [2][-]{subsection.14.3}{\376\377\000R\000u\000n\000n\000i\000n\000g\000\040\000t\000i\000m\000e}{section.14}% 64
\BOOKMARK [2][-]{subsection.14.4}{\376\377\000B\000r\000e\000a\000d\000t\000h\000-\000f\000i\000r\000s\000t\000\040\000s\000e\000a\000r\000c\000h}{section.14}% 65
\BOOKMARK [2][-]{subsection.14.5}{\376\377\000P\000a\000t\000h\000\040\000p\000r\000o\000b\000l\000e\000m\000s}{section.14}% 66
\BOOKMARK [1][-]{section.15}{\376\377\000R\000u\000l\000e\000s}{}% 67
\BOOKMARK [2][-]{subsection.15.1}{\376\377\000S\000u\000m\000\040\000r\000u\000l\000e\000s}{section.15}% 68
\BOOKMARK [2][-]{subsection.15.2}{\376\377\000L\000o\000g\000\040\000r\000u\000l\000e\000s}{section.15}% 69
\BOOKMARK [1][-]{section.16}{\376\377\000M\000i\000d\000t\000e\000r\000m\000\040\000r\000e\000v\000i\000e\000w}{}% 70
\BOOKMARK [1][-]{section.17}{\376\377\000L\000e\000c\000t\000u\000r\000e\000\040\0001\0006}{}% 71
\BOOKMARK [2][-]{subsection.17.1}{\376\377\000T\000o\000p\000o\000l\000o\000g\000i\000c\000a\000l\000\040\000S\000o\000r\000t}{section.17}% 72
\BOOKMARK [2][-]{subsection.17.2}{\376\377\000W\000e\000i\000g\000h\000t\000e\000d\000\040\000G\000r\000a\000p\000h\000s}{section.17}% 73
\BOOKMARK [2][-]{subsection.17.3}{\376\377\000w\000e\000i\000g\000h\000t\000e\000d\000\040\000p\000a\000t\000h\000s\000\040\000t\000e\000r\000m\000i\000n\000o\000l\000o\000g\000y}{section.17}% 74
\BOOKMARK [1][-]{section.18}{\376\377\000L\000e\000c\000t\000u\000r\000e\000\040\0001\0007}{}% 75
\BOOKMARK [2][-]{subsection.18.1}{\376\377\000D\000A\000G\000\040\000R\000e\000l\000a\000x\000a\000t\000i\000o\000n}{section.18}% 76
\BOOKMARK [2][-]{subsection.18.2}{\376\377\000B\000e\000l\000l\000m\000a\000n\000-\000F\000o\000r\000d}{section.18}% 77
\BOOKMARK [1][-]{section.19}{\376\377\000L\000o\000g\000i\000c\000a\000l\000\040\000E\000q\000u\000i\000v\000a\000l\000e\000n\000c\000e}{}% 78
